<?xml version="1.0" encoding="UTF-8"?>
<!-- Generated by org.testng.reporters.JUnitReportReporter -->
<testsuite hostname="Fayeems-MBP" failures="0" tests="1" name="WebImplement.mavenEndToEndTest" time="11.436" errors="0" timestamp="2022-10-06T23:25:42 EDT" skipped="0">
  <testcase classname="WebImplement.mavenEndToEndTest" name="mavenEndEnd" time="11.436"/>
  <system-out/>
</testsuite> <!-- WebImplement.mavenEndToEndTest -->
