<?xml version="1.0" encoding="UTF-8"?>
<!-- Generated by org.testng.reporters.JUnitReportReporter -->
<testsuite hostname="Fayeems-MBP" failures="0" tests="1" name="WebImplement.mavenEndToEndTest" time="13.283" errors="0" timestamp="2022-10-07T22:54:47 EDT" skipped="0">
  <testcase classname="WebImplement.mavenEndToEndTest" name="mavenEndEnd" time="13.283"/>
  <system-out/>
</testsuite> <!-- WebImplement.mavenEndToEndTest -->
