<?xml version="1.0" encoding="UTF-8"?>
<!-- Generated by org.testng.reporters.JUnitReportReporter -->
<testsuite hostname="Fayeems-MBP" failures="0" tests="1" name="WebImplement.mavenEndToEndTest" time="11.259" errors="0" timestamp="2022-10-07T17:56:22 EDT" skipped="0">
  <testcase classname="WebImplement.mavenEndToEndTest" name="mavenEndEnd" time="11.259"/>
  <system-out/>
</testsuite> <!-- WebImplement.mavenEndToEndTest -->
