<?xml version="1.0" encoding="UTF-8"?>
<!-- Generated by org.testng.reporters.JUnitReportReporter -->
<testsuite hostname="Fayeems-MBP" failures="0" tests="1" name="WebPages.ShoppingDriver" time="15.804" errors="0" timestamp="2022-10-30T17:22:54 EDT" skipped="0">
  <testcase classname="WebPages.ShoppingDriver" name="ShoppingFrameWorkImplementation" time="15.804"/>
  <system-out/>
</testsuite> <!-- WebPages.ShoppingDriver -->
