<?xml version="1.0" encoding="UTF-8"?>
<!-- Generated by org.testng.reporters.JUnitReportReporter -->
<testsuite hostname="Fayeems-MBP" failures="0" tests="1" name="WebPages.ShoppingDriver" time="16.769" errors="0" timestamp="2022-10-31T14:40:12 EDT" skipped="0">
  <testcase classname="WebPages.ShoppingDriver" name="ShoppingFrameWorkImplementation" time="16.769"/>
  <system-out/>
</testsuite> <!-- WebPages.ShoppingDriver -->
