<?xml version="1.0" encoding="UTF-8"?>
<!-- Generated by org.testng.reporters.JUnitReportReporter -->
<testsuite hostname="Fayeems-MacBook-Pro.local" failures="0" tests="1" name="ShoppingDriver" time="10.956" errors="0" timestamp="2022-10-23T16:46:47 EDT" skipped="0">
  <testcase classname="ShoppingDriver" name="shoppingFrameWork" time="10.956"/>
  <system-out/>
</testsuite> <!-- ShoppingDriver -->
