<?xml version="1.0" encoding="UTF-8"?>
<!-- Generated by org.testng.reporters.JUnitReportReporter -->
<testsuite hostname="Fayeems-MBP" failures="0" tests="1" name="BDDFrameWork" time="0.004" errors="0" timestamp="2022-10-07T23:46:11 EDT" skipped="0">
  <testcase classname="BDDFrameWork" name="BDDtrialTest" time="0.004"/>
  <system-out/>
</testsuite> <!-- BDDFrameWork -->
