<?xml version="1.0" encoding="UTF-8"?>
<!-- Generated by org.testng.reporters.JUnitReportReporter -->
<testsuite hostname="Fayeems-MBP" failures="0" tests="1" name="AirlineDriver" time="5.896" errors="0" timestamp="2022-10-19T20:48:55 EDT" skipped="0">
  <testcase classname="AirlineDriver" name="AirlineFramework" time="5.896"/>
  <system-out/>
</testsuite> <!-- AirlineDriver -->
