<?xml version="1.0" encoding="UTF-8"?>
<!-- Generated by org.testng.reporters.JUnitReportReporter -->
<testsuite hostname="Fayeems-MBP" failures="0" tests="1" name="POMstructure.FlightEndToEndTest" time="7.613" errors="0" timestamp="2022-10-09T22:28:59 EDT" skipped="0">
  <testcase classname="POMstructure.FlightEndToEndTest" name="FlightTest" time="7.613"/>
  <system-out/>
</testsuite> <!-- POMstructure.FlightEndToEndTest -->
