<?xml version="1.0" encoding="UTF-8"?>
<!-- Generated by org.testng.reporters.JUnitReportReporter -->
<testsuite hostname="Fayeems-MBP" failures="0" tests="1" name="Shopping" time="7.632" errors="0" timestamp="2022-11-12T00:22:09 EST" skipped="0">
  <testcase classname="Shopping" name="POMOrientated" time="7.632"/>
  <system-out/>
</testsuite> <!-- Shopping -->
